0 info it worked if it ends with ok
1 verbose cli [ '/usr/local/bin/node',
1 verbose cli   '/usr/local/bin/npm',
1 verbose cli   'run',
1 verbose cli   'gulp',
1 verbose cli   'svg' ]
2 info using npm@3.10.10
3 info using node@v6.10.0
4 verbose run-script [ 'pregulp', 'gulp', 'postgulp' ]
5 info lifecycle livro-sem-apego@1.0.0~pregulp: livro-sem-apego@1.0.0
6 silly lifecycle livro-sem-apego@1.0.0~pregulp: no script for pregulp, continuing
7 info lifecycle livro-sem-apego@1.0.0~gulp: livro-sem-apego@1.0.0
8 verbose lifecycle livro-sem-apego@1.0.0~gulp: unsafe-perm in lifecycle true
9 verbose lifecycle livro-sem-apego@1.0.0~gulp: PATH: /usr/local/lib/node_modules/npm/bin/node-gyp-bin:/Users/mtsalcova/Sites/livro-sem-apego/tools/node_modules/.bin:/usr/local/bin:/usr/bin:/bin:/usr/sbin:/sbin
10 verbose lifecycle livro-sem-apego@1.0.0~gulp: CWD: /Users/mtsalcova/Sites/livro-sem-apego/tools
11 silly lifecycle livro-sem-apego@1.0.0~gulp: Args: [ '-c', 'gulp "svg"' ]
12 silly lifecycle livro-sem-apego@1.0.0~gulp: Returned: code: 1  signal: null
13 info lifecycle livro-sem-apego@1.0.0~gulp: Failed to exec gulp script
14 verbose stack Error: livro-sem-apego@1.0.0 gulp: `gulp "svg"`
14 verbose stack Exit status 1
14 verbose stack     at EventEmitter.<anonymous> (/usr/local/lib/node_modules/npm/lib/utils/lifecycle.js:255:16)
14 verbose stack     at emitTwo (events.js:106:13)
14 verbose stack     at EventEmitter.emit (events.js:191:7)
14 verbose stack     at ChildProcess.<anonymous> (/usr/local/lib/node_modules/npm/lib/utils/spawn.js:40:14)
14 verbose stack     at emitTwo (events.js:106:13)
14 verbose stack     at ChildProcess.emit (events.js:191:7)
14 verbose stack     at maybeClose (internal/child_process.js:877:16)
14 verbose stack     at Process.ChildProcess._handle.onexit (internal/child_process.js:226:5)
15 verbose pkgid livro-sem-apego@1.0.0
16 verbose cwd /Users/mtsalcova/Sites/livro-sem-apego/tools
17 error Darwin 16.5.0
18 error argv "/usr/local/bin/node" "/usr/local/bin/npm" "run" "gulp" "svg"
19 error node v6.10.0
20 error npm  v3.10.10
21 error code ELIFECYCLE
22 error livro-sem-apego@1.0.0 gulp: `gulp "svg"`
22 error Exit status 1
23 error Failed at the livro-sem-apego@1.0.0 gulp script 'gulp "svg"'.
23 error Make sure you have the latest version of node.js and npm installed.
23 error If you do, this is most likely a problem with the livro-sem-apego package,
23 error not with npm itself.
23 error Tell the author that this fails on your system:
23 error     gulp "svg"
23 error You can get information on how to open an issue for this project with:
23 error     npm bugs livro-sem-apego
23 error Or if that isn't available, you can get their info via:
23 error     npm owner ls livro-sem-apego
23 error There is likely additional logging output above.
24 verbose exit [ 1, true ]
